<?xml version="1.0" encoding="UTF-8"?>
<!-- Generated by org.testng.reporters.JUnitXMLReporter -->
<testsuite hostname="saurabh" name="Default test" tests="4" failures="0" timestamp="6 Jul 2016 20:38:05 GMT" time="34.726" errors="0">
  <testcase name="Test_LoginToApplication" time="4.241" classname="com.qait.assignment.tests.GitHub_Test_1"/>
  <testcase name="Test_CreateRepository" time="3.507" classname="com.qait.assignment.tests.GitHub_Test_1"/>
  <testcase name="shellCommands" time="0.282" classname="com.qait.assignment.tests.GitHub_Test_1"/>
  <testcase name="executeCommands" time="0.104" classname="com.qait.assignment.tests.GitHub_Test_1"/>
</testsuite> <!-- Default test -->
